{"D:\\workspace\\lbg\\routes\\index.js": {"path":"D:\\workspace\\lbg\\routes\\index.js","statementMap":{"0":{"start":{"line":1,"column":0},"end":{"line":7,"column":1}}},"fnMap":{},"branchMap":{},"s":{"0":4},"f":{},"b":{},"_coverageSchema":"332fd63041d2c1bcb487cc26dd0d5f7d97098a6c","hash":"e5b38078f2bb17d0cd78e4f699cc6fc2a51b30f4"}
,"D:\\workspace\\lbg\\routes\\product.js": {"path":"D:\\workspace\\lbg\\routes\\product.js","statementMap":{"0":{"start":{"line":2,"column":0},"end":{"line":9,"column":5}},"1":{"start":{"line":3,"column":2},"end":{"line":3,"column":37}},"2":{"start":{"line":4,"column":13},"end":{"line":4,"column":38}},"3":{"start":{"line":5,"column":6},"end":{"line":5,"column":47}},"4":{"start":{"line":6,"column":6},"end":{"line":6,"column":49}},"5":{"start":{"line":7,"column":6},"end":{"line":7,"column":33}},"6":{"start":{"line":8,"column":6},"end":{"line":8,"column":16}}},"fnMap":{"0":{"name":"(anonymous_0)","decl":{"start":{"line":2,"column":17},"end":{"line":2,"column":18}},"loc":{"start":{"line":2,"column":28},"end":{"line":9,"column":5}},"line":2}},"branchMap":{"0":{"loc":{"start":{"line":5,"column":13},"end":{"line":5,"column":47}},"type":"binary-expr","locations":[{"start":{"line":5,"column":13},"end":{"line":5,"column":32}},{"start":{"line":5,"column":36},"end":{"line":5,"column":47}}],"line":5}},"s":{"0":4,"1":2,"2":2,"3":2,"4":2,"5":2,"6":2},"f":{"0":2},"b":{"0":[2,2]},"_coverageSchema":"332fd63041d2c1bcb487cc26dd0d5f7d97098a6c","hash":"9617b798c53dccd0dc310cdff4eeae2ec01cc739"}
,"D:\\workspace\\lbg\\routes\\readfile.js": {"path":"D:\\workspace\\lbg\\routes\\readfile.js","statementMap":{"0":{"start":{"line":1,"column":15},"end":{"line":1,"column":29}},"1":{"start":{"line":2,"column":8},"end":{"line":2,"column":23}},"2":{"start":{"line":3,"column":6},"end":{"line":3,"column":19}},"3":{"start":{"line":5,"column":15},"end":{"line":5,"column":50}},"4":{"start":{"line":7,"column":0},"end":{"line":26,"column":1}},"5":{"start":{"line":8,"column":2},"end":{"line":8,"column":43}},"6":{"start":{"line":9,"column":10},"end":{"line":9,"column":37}},"7":{"start":{"line":10,"column":13},"end":{"line":10,"column":43}},"8":{"start":{"line":11,"column":2},"end":{"line":11,"column":20}},"9":{"start":{"line":12,"column":2},"end":{"line":24,"column":3}},"10":{"start":{"line":13,"column":4},"end":{"line":22,"column":5}},"11":{"start":{"line":14,"column":6},"end":{"line":14,"column":57}},"12":{"start":{"line":15,"column":6},"end":{"line":15,"column":59}},"13":{"start":{"line":16,"column":6},"end":{"line":16,"column":16}},"14":{"start":{"line":18,"column":6},"end":{"line":18,"column":47}},"15":{"start":{"line":19,"column":6},"end":{"line":19,"column":49}},"16":{"start":{"line":20,"column":6},"end":{"line":20,"column":22}},"17":{"start":{"line":21,"column":6},"end":{"line":21,"column":16}}},"fnMap":{"0":{"name":"(anonymous_0)","decl":{"start":{"line":7,"column":17},"end":{"line":7,"column":18}},"loc":{"start":{"line":7,"column":28},"end":{"line":26,"column":1}},"line":7},"1":{"name":"(anonymous_1)","decl":{"start":{"line":12,"column":20},"end":{"line":12,"column":21}},"loc":{"start":{"line":12,"column":35},"end":{"line":24,"column":1}},"line":12}},"branchMap":{"0":{"loc":{"start":{"line":13,"column":4},"end":{"line":22,"column":5}},"type":"if","locations":[{"start":{"line":13,"column":4},"end":{"line":22,"column":5}},{"start":{"line":13,"column":4},"end":{"line":22,"column":5}}],"line":13},"1":{"loc":{"start":{"line":18,"column":13},"end":{"line":18,"column":47}},"type":"binary-expr","locations":[{"start":{"line":18,"column":13},"end":{"line":18,"column":32}},{"start":{"line":18,"column":36},"end":{"line":18,"column":47}}],"line":18}},"s":{"0":4,"1":4,"2":4,"3":4,"4":4,"5":2,"6":2,"7":2,"8":2,"9":2,"10":2,"11":1,"12":1,"13":1,"14":1,"15":1,"16":1,"17":1},"f":{"0":2,"1":2},"b":{"0":[1,1],"1":[1,1]},"_coverageSchema":"332fd63041d2c1bcb487cc26dd0d5f7d97098a6c","hash":"7301d08fe98590d7162454de54e4b80feb759a8c"}
,"D:\\workspace\\lbg\\routes\\stringExt.js": {"path":"D:\\workspace\\lbg\\routes\\stringExt.js","statementMap":{"0":{"start":{"line":1,"column":0},"end":{"line":25,"column":1}},"1":{"start":{"line":2,"column":2},"end":{"line":2,"column":30}},"2":{"start":{"line":3,"column":12},"end":{"line":3,"column":50}},"3":{"start":{"line":4,"column":15},"end":{"line":4,"column":17}},"4":{"start":{"line":6,"column":2},"end":{"line":18,"column":3}},"5":{"start":{"line":7,"column":5},"end":{"line":7,"column":15}},"6":{"start":{"line":8,"column":6},"end":{"line":13,"column":7}},"7":{"start":{"line":10,"column":8},"end":{"line":12,"column":9}},"8":{"start":{"line":11,"column":10},"end":{"line":11,"column":17}},"9":{"start":{"line":14,"column":6},"end":{"line":17,"column":7}},"10":{"start":{"line":15,"column":8},"end":{"line":15,"column":24}},"11":{"start":{"line":16,"column":8},"end":{"line":16,"column":14}},"12":{"start":{"line":19,"column":2},"end":{"line":19,"column":27}},"13":{"start":{"line":20,"column":2},"end":{"line":20,"column":43}},"14":{"start":{"line":21,"column":2},"end":{"line":21,"column":45}},"15":{"start":{"line":22,"column":2},"end":{"line":22,"column":30}},"16":{"start":{"line":23,"column":2},"end":{"line":23,"column":12}}},"fnMap":{"0":{"name":"(anonymous_0)","decl":{"start":{"line":1,"column":17},"end":{"line":1,"column":18}},"loc":{"start":{"line":1,"column":28},"end":{"line":25,"column":1}},"line":1}},"branchMap":{"0":{"loc":{"start":{"line":10,"column":8},"end":{"line":12,"column":9}},"type":"if","locations":[{"start":{"line":10,"column":8},"end":{"line":12,"column":9}},{"start":{"line":10,"column":8},"end":{"line":12,"column":9}}],"line":10},"1":{"loc":{"start":{"line":14,"column":6},"end":{"line":17,"column":7}},"type":"if","locations":[{"start":{"line":14,"column":6},"end":{"line":17,"column":7}},{"start":{"line":14,"column":6},"end":{"line":17,"column":7}}],"line":14},"2":{"loc":{"start":{"line":19,"column":11},"end":{"line":19,"column":27}},"type":"binary-expr","locations":[{"start":{"line":19,"column":11},"end":{"line":19,"column":17}},{"start":{"line":19,"column":21},"end":{"line":19,"column":27}}],"line":19},"3":{"loc":{"start":{"line":20,"column":9},"end":{"line":20,"column":43}},"type":"binary-expr","locations":[{"start":{"line":20,"column":9},"end":{"line":20,"column":28}},{"start":{"line":20,"column":32},"end":{"line":20,"column":43}}],"line":20}},"s":{"0":4,"1":2,"2":2,"3":2,"4":2,"5":4,"6":4,"7":28,"8":6,"9":4,"10":2,"11":2,"12":2,"13":2,"14":2,"15":2,"16":2},"f":{"0":2},"b":{"0":[6,22],"1":[2,2],"2":[2,0],"3":[2,2]},"_coverageSchema":"332fd63041d2c1bcb487cc26dd0d5f7d97098a6c","hash":"ee424c3b47fa3485793b660ab03a5f04ed030bc8"}
,"D:\\workspace\\lbg\\routes\\writefile.js": {"path":"D:\\workspace\\lbg\\routes\\writefile.js","statementMap":{"0":{"start":{"line":1,"column":13},"end":{"line":1,"column":28}},"1":{"start":{"line":2,"column":6},"end":{"line":2,"column":19}},"2":{"start":{"line":3,"column":16},"end":{"line":3,"column":51}},"3":{"start":{"line":5,"column":0},"end":{"line":15,"column":1}},"4":{"start":{"line":6,"column":2},"end":{"line":6,"column":43}},"5":{"start":{"line":7,"column":0},"end":{"line":14,"column":2}},"6":{"start":{"line":8,"column":2},"end":{"line":13,"column":4}},"7":{"start":{"line":9,"column":4},"end":{"line":9,"column":45}},"8":{"start":{"line":10,"column":4},"end":{"line":10,"column":47}},"9":{"start":{"line":11,"column":4},"end":{"line":11,"column":25}},"10":{"start":{"line":12,"column":4},"end":{"line":12,"column":14}}},"fnMap":{"0":{"name":"(anonymous_0)","decl":{"start":{"line":5,"column":17},"end":{"line":5,"column":18}},"loc":{"start":{"line":5,"column":28},"end":{"line":15,"column":1}},"line":5},"1":{"name":"(anonymous_1)","decl":{"start":{"line":7,"column":26},"end":{"line":7,"column":27}},"loc":{"start":{"line":7,"column":38},"end":{"line":14,"column":1}},"line":7},"2":{"name":"(anonymous_2)","decl":{"start":{"line":8,"column":63},"end":{"line":8,"column":64}},"loc":{"start":{"line":8,"column":75},"end":{"line":13,"column":3}},"line":8}},"branchMap":{"0":{"loc":{"start":{"line":9,"column":11},"end":{"line":9,"column":45}},"type":"binary-expr","locations":[{"start":{"line":9,"column":11},"end":{"line":9,"column":30}},{"start":{"line":9,"column":34},"end":{"line":9,"column":45}}],"line":9}},"s":{"0":4,"1":4,"2":4,"3":4,"4":0,"5":0,"6":0,"7":0,"8":0,"9":0,"10":0},"f":{"0":0,"1":0,"2":0},"b":{"0":[0,0]},"_coverageSchema":"332fd63041d2c1bcb487cc26dd0d5f7d97098a6c","hash":"2063425571daac1670e6481de9bef1cc006eb4c5"}
}
